Build started 5/13/2014 1:53:53 PM.
     1>Project "F:\NHTV\Documents\Huffmann\Game_programming_004\Game_programming_004.vcxproj" on node 2 (Build target(s)).
       Project file contains ToolsVersion="12.0". This toolset is unknown or missing. You may be able to resolve this by installing the appropriate .NET Framework for this toolset. Treating the project as if it had ToolsVersion="4.0".
     1>ClCompile:
         C:\Program Files (x86)\Microsoft Visual Studio 11.0\VC\bin\CL.exe /c /ZI /nologo /W3 /WX- /Od /Oy- /D _MBCS /Gm /EHsc /RTC1 /MDd /GS /fp:precise /Zc:wchar_t /Zc:forScope /Fo"Debug\\" /Fd"Debug\vc110.pdb" /Gd /TP /analyze- /errorReport:prompt Huffman.cpp main.cpp
         main.cpp
         Huffman.cpp
     1>f:\nhtv\documents\huffmann\game_programming_004\huffman.cpp(45): warning C4996: 'strcpy': This function or variable may be unsafe. Consider using strcpy_s instead. To disable deprecation, use _CRT_SECURE_NO_WARNINGS. See online help for details.
                 c:\program files (x86)\microsoft visual studio 11.0\vc\include\string.h(110) : see declaration of 'strcpy'
     1>f:\nhtv\documents\huffmann\game_programming_004\huffman.cpp(107): warning C4018: '<' : signed/unsigned mismatch
     1>f:\nhtv\documents\huffmann\game_programming_004\huffman.cpp(129): warning C4244: '=' : conversion from 'double' to 'int', possible loss of data
     1>f:\nhtv\documents\huffmann\game_programming_004\huffman.cpp(149): warning C4018: '<' : signed/unsigned mismatch
     1>f:\nhtv\documents\huffmann\game_programming_004\huffman.cpp(151): warning C4018: '<' : signed/unsigned mismatch
     1>f:\nhtv\documents\huffmann\game_programming_004\huffman.cpp(160): warning C4996: 'strcpy': This function or variable may be unsafe. Consider using strcpy_s instead. To disable deprecation, use _CRT_SECURE_NO_WARNINGS. See online help for details.
                 c:\program files (x86)\microsoft visual studio 11.0\vc\include\string.h(110) : see declaration of 'strcpy'
     1>f:\nhtv\documents\huffmann\game_programming_004\huffman.cpp(163): warning C4101: 'temp' : unreferenced local variable
     1>f:\nhtv\documents\huffmann\game_programming_004\huffman.cpp(200): warning C4018: '<' : signed/unsigned mismatch
     1>f:\nhtv\documents\huffmann\game_programming_004\huffman.cpp(267): warning C4018: '<' : signed/unsigned mismatch
     1>f:\nhtv\documents\huffmann\game_programming_004\huffman.cpp(271): warning C4018: '<' : signed/unsigned mismatch
         Generating Code...
       Link:
         C:\Program Files (x86)\Microsoft Visual Studio 11.0\VC\bin\link.exe /ERRORREPORT:PROMPT /OUT:"F:\NHTV\Documents\Huffmann\Debug\Huffman_Coding.exe" /INCREMENTAL /NOLOGO kernel32.lib user32.lib gdi32.lib winspool.lib comdlg32.lib advapi32.lib shell32.lib ole32.lib oleaut32.lib uuid.lib odbc32.lib odbccp32.lib /MANIFEST /MANIFESTUAC:"level='asInvoker' uiAccess='false'" /manifest:embed /DEBUG /PDB:"F:\NHTV\Documents\Huffmann\Debug\Huffman_Coding.pdb" /TLBID:1 /DYNAMICBASE /NXCOMPAT /IMPLIB:"F:\NHTV\Documents\Huffmann\Debug\Huffman_Coding.lib" /MACHINE:X86 Debug\Huffman.obj
         Debug\main.obj
         Game_programming_004.vcxproj -> F:\NHTV\Documents\Huffmann\Debug\Huffman_Coding.exe
     1>Done Building Project "F:\NHTV\Documents\Huffmann\Game_programming_004\Game_programming_004.vcxproj" (Build target(s)).

Build succeeded.

Time Elapsed 00:00:05.70
